c:\users\s172141\documents\github\on-line_shooting\shooting\release\shooting.pch
c:\users\s172141\documents\github\on-line_shooting\shooting\release\vc140.pdb
c:\users\s172141\documents\github\on-line_shooting\shooting\release\pch.obj
c:\users\s172141\documents\github\on-line_shooting\shooting\release\playscene.obj
c:\users\s172141\documents\github\on-line_shooting\shooting\release\playercustomscene.obj
c:\users\s172141\documents\github\on-line_shooting\shooting\release\loginscene.obj
c:\users\s172141\documents\github\on-line_shooting\shooting\release\downloadscene.obj
c:\users\s172141\documents\github\on-line_shooting\shooting\release\player.obj
c:\users\s172141\documents\github\on-line_shooting\shooting\release\object.obj
c:\users\s172141\documents\github\on-line_shooting\shooting\release\enemymanager.obj
c:\users\s172141\documents\github\on-line_shooting\shooting\release\enemy.obj
c:\users\s172141\documents\github\on-line_shooting\shooting\release\bullet.obj
c:\users\s172141\documents\github\on-line_shooting\shooting\release\userdata.obj
c:\users\s172141\documents\github\on-line_shooting\shooting\release\json.obj
c:\users\s172141\documents\github\on-line_shooting\shooting\release\http.obj
c:\users\s172141\documents\github\on-line_shooting\shooting\release\main.obj
c:\users\s172141\documents\github\on-line_shooting\shooting\release\game.obj
c:\users\s172141\documents\github\on-line_shooting\shooting\release\deviceresources.obj
c:\users\s172141\documents\github\on-line_shooting\shooting\release\streammanager.obj
c:\users\s172141\documents\github\on-line_shooting\shooting\release\inputmanager.obj
c:\users\s172141\documents\github\on-line_shooting\shooting\release\drawmanager.obj
c:\users\s172141\documents\github\on-line_shooting\shooting\release\drawdata.obj
c:\users\s172141\documents\github\on-line_shooting\shooting\release\animation.obj
c:\users\s172141\documents\github\on-line_shooting\shooting\release\textbox.obj
c:\users\s172141\documents\github\on-line_shooting\shooting\release\score.obj
c:\users\s172141\documents\github\on-line_shooting\shooting\release\fadein.obj
c:\users\s172141\documents\github\on-line_shooting\shooting\release\collision.obj
c:\users\s172141\documents\github\on-line_shooting\shooting\release\titlescene.obj
c:\users\s172141\documents\github\on-line_shooting\shooting\release\scenemanager.obj
c:\users\s172141\documents\github\on-line_shooting\shooting\release\scenebase.obj
c:\users\s172141\documents\github\on-line_shooting\release\shooting.exe
c:\users\s172141\documents\github\on-line_shooting\release\shooting.ipdb
c:\users\s172141\documents\github\on-line_shooting\release\shooting.pdb
c:\users\s172141\documents\github\on-line_shooting\release\shooting.iobj
c:\users\s172141\documents\github\on-line_shooting\shooting\release\resource.res
c:\users\s172141\documents\github\on-line_shooting\release\shooting.lib
c:\users\s172141\documents\github\on-line_shooting\release\shooting.exp
c:\users\s172141\documents\github\on-line_shooting\shooting\release\shooting.tlog\cl.command.1.tlog
c:\users\s172141\documents\github\on-line_shooting\shooting\release\shooting.tlog\cl.read.1.tlog
c:\users\s172141\documents\github\on-line_shooting\shooting\release\shooting.tlog\cl.write.1.tlog
c:\users\s172141\documents\github\on-line_shooting\shooting\release\shooting.tlog\link.command.1.tlog
c:\users\s172141\documents\github\on-line_shooting\shooting\release\shooting.tlog\link.read.1.tlog
c:\users\s172141\documents\github\on-line_shooting\shooting\release\shooting.tlog\link.write.1.tlog
c:\users\s172141\documents\github\on-line_shooting\shooting\release\shooting.tlog\rc.command.1.tlog
c:\users\s172141\documents\github\on-line_shooting\shooting\release\shooting.tlog\rc.read.1.tlog
c:\users\s172141\documents\github\on-line_shooting\shooting\release\shooting.tlog\rc.write.1.tlog
c:\users\s172141\documents\github\on-line_shooting\shooting\release\shooting.tlog\shooting.write.1u.tlog
